<?xml version="1.0" encoding="UTF-8"?>
<!-- Generated by org.testng.reporters.JUnitReportReporter -->
<testsuite hostname="IN-pwalunjk-W1" name="com.program.PrintSumDigitTest" tests="1" failures="0" timestamp="26 Aug 2017 15:16:30 GMT" time="0.013" errors="0">
  <testcase name="testSumDigit" time="0.013" classname="com.program.PrintSumDigitTest"/>
</testsuite> <!-- com.program.PrintSumDigitTest -->
