<?xml version="1.0" encoding="UTF-8"?>
<!-- Generated by org.testng.reporters.JUnitReportReporter -->
<testsuite hostname="IN-pwalunjk-W1" name="com.program.PrintNumberToWordTest" tests="1" failures="0" timestamp="26 Aug 2017 15:17:18 GMT" time="0.011" errors="0">
  <testcase name="testNumber" time="0.011" classname="com.program.PrintNumberToWordTest"/>
</testsuite> <!-- com.program.PrintNumberToWordTest -->
